0 info it worked if it ends with ok
1 verbose cli [ '/Users/mgeraci/.nvm/versions/node/v6.2.1/bin/node',
1 verbose cli   '/Users/mgeraci/.nvm/versions/node/v6.2.1/bin/npm',
1 verbose cli   'run',
1 verbose cli   'test' ]
2 info using npm@3.9.3
3 info using node@v6.2.1
4 verbose run-script [ 'pretest', 'test', 'posttest' ]
5 info lifecycle eslint-plugin-block-function-spacing@1.0.0~pretest: eslint-plugin-block-function-spacing@1.0.0
6 silly lifecycle eslint-plugin-block-function-spacing@1.0.0~pretest: no script for pretest, continuing
7 info lifecycle eslint-plugin-block-function-spacing@1.0.0~test: eslint-plugin-block-function-spacing@1.0.0
8 verbose lifecycle eslint-plugin-block-function-spacing@1.0.0~test: unsafe-perm in lifecycle true
9 verbose lifecycle eslint-plugin-block-function-spacing@1.0.0~test: PATH: /Users/mgeraci/.nvm/versions/node/v6.2.1/lib/node_modules/npm/bin/node-gyp-bin:/Users/mgeraci/Web/eslint-plugin-block-function-spacing/node_modules/.bin:/Users/mgeraci/.nvm/versions/node/v6.2.1/bin:/Users/mgeraci/.nvm/versions/node/v6.2.1/bin:/usr/local/git/bin:/usr/local/ruby/bin:/usr/local/bin:/usr/local/sbin:/Users/mgeraci/.bin:/usr/local/share/npm/bin:/usr/bin:/bin:/usr/sbin:/sbin:/usr/local/bin:/usr/X11/bin:/Users/mgeraci/.rvm/bin:/Users/mgeraci/local/bin
10 verbose lifecycle eslint-plugin-block-function-spacing@1.0.0~test: CWD: /Users/mgeraci/Web/eslint-plugin-block-function-spacing
11 silly lifecycle eslint-plugin-block-function-spacing@1.0.0~test: Args: [ '-c', 'mocha ./tests/**/*.js' ]
12 silly lifecycle eslint-plugin-block-function-spacing@1.0.0~test: Returned: code: 2  signal: null
13 info lifecycle eslint-plugin-block-function-spacing@1.0.0~test: Failed to exec test script
14 verbose stack Error: eslint-plugin-block-function-spacing@1.0.0 test: `mocha ./tests/**/*.js`
14 verbose stack Exit status 2
14 verbose stack     at EventEmitter.<anonymous> (/Users/mgeraci/.nvm/versions/node/v6.2.1/lib/node_modules/npm/lib/utils/lifecycle.js:245:16)
14 verbose stack     at emitTwo (events.js:106:13)
14 verbose stack     at EventEmitter.emit (events.js:191:7)
14 verbose stack     at ChildProcess.<anonymous> (/Users/mgeraci/.nvm/versions/node/v6.2.1/lib/node_modules/npm/lib/utils/spawn.js:24:14)
14 verbose stack     at emitTwo (events.js:106:13)
14 verbose stack     at ChildProcess.emit (events.js:191:7)
14 verbose stack     at maybeClose (internal/child_process.js:852:16)
14 verbose stack     at Process.ChildProcess._handle.onexit (internal/child_process.js:215:5)
15 verbose pkgid eslint-plugin-block-function-spacing@1.0.0
16 verbose cwd /Users/mgeraci/Web/eslint-plugin-block-function-spacing
17 error Darwin 15.5.0
18 error argv "/Users/mgeraci/.nvm/versions/node/v6.2.1/bin/node" "/Users/mgeraci/.nvm/versions/node/v6.2.1/bin/npm" "run" "test"
19 error node v6.2.1
20 error npm  v3.9.3
21 error code ELIFECYCLE
22 error eslint-plugin-block-function-spacing@1.0.0 test: `mocha ./tests/**/*.js`
22 error Exit status 2
23 error Failed at the eslint-plugin-block-function-spacing@1.0.0 test script 'mocha ./tests/**/*.js'.
23 error Make sure you have the latest version of node.js and npm installed.
23 error If you do, this is most likely a problem with the eslint-plugin-block-function-spacing package,
23 error not with npm itself.
23 error Tell the author that this fails on your system:
23 error     mocha ./tests/**/*.js
23 error You can get information on how to open an issue for this project with:
23 error     npm bugs eslint-plugin-block-function-spacing
23 error Or if that isn't available, you can get their info via:
23 error     npm owner ls eslint-plugin-block-function-spacing
23 error There is likely additional logging output above.
24 verbose exit [ 1, true ]
